<?xml version="1.0" encoding="UTF-8"?>
<!-- Generated by org.testng.reporters.JUnitReportReporter -->
<testsuite hostname="LAPTOP-38JCRMG5" failures="0" tests="3" name="TestRunner.TestNgRunner" time="64.087" errors="0" timestamp="2022-05-27T21:32:31 EDT" skipped="0">
  <testcase classname="TestRunner.TestNgRunner" name="runScenario" time="18.776"/>
  <system-out/>
  <testcase classname="TestRunner.TestNgRunner" name="runScenario" time="19.226"/>
  <system-out/>
  <testcase classname="TestRunner.TestNgRunner" name="runScenario" time="26.085"/>
  <system-out/>
</testsuite> <!-- TestRunner.TestNgRunner -->
